=============================================
Log: destroy
Started: Mon Dec 22 13:24:58 UTC 2025
=============================================

[INFO] Current Bastion IP: 13.49.38.219

>>> Destroying Infrastructure
[INFO] Running: terraform destroy -auto-approve
[OK] Infrastructure destroyed

>>> Verifying Complete Cleanup
[INFO] Checking Terraform state...
[INFO]   Terraform state is empty
[INFO] Checking for remaining Elastic IPs...
[INFO]   No remaining EIPs
[INFO] Checking for remaining EC2 instances...
[INFO]   No remaining EC2 instances
[INFO] Checking for remaining VPCs...
[INFO]   No remaining VPCs
[INFO] Checking for remaining key pairs...
[INFO]   No remaining key pairs
[OK] All resources destroyed - Zero cost confirmed
[OK] Destruction Complete!

=============================================
Completed: Mon Dec 22 13:26:42 UTC 2025
=============================================
[INFO] Log saved to: /home/ninok/terraform_demo/logs/destroy_20251222_132458.log
